This is pdfTeX, Version 3.141592653-2.6-1.40.22 (TeX Live 2022/dev/Debian) (preloaded format=pdflatex 2022.7.9)  6 AUG 2022 10:11
entering extended mode
 restricted \write18 enabled.
 %&-line parsing enabled.
**Developing-noval-methods-for-gene-editing-in-trees.tex
(./Developing-noval-methods-for-gene-editing-in-trees.tex
LaTeX2e <2021-11-15> patch level 1
L3 programming layer <2022-01-21> (/usr/share/texlive/texmf-dist/tex/latex/base
/article.cls
Document Class: article 2021/10/04 v1.4n Standard LaTeX document class
(/usr/share/texlive/texmf-dist/tex/latex/base/size10.clo
File: size10.clo 2021/10/04 v1.4n Standard LaTeX file (size option)
)
\c@part=\count185
\c@section=\count186
\c@subsection=\count187
\c@subsubsection=\count188
\c@paragraph=\count189
\c@subparagraph=\count190
\c@figure=\count191
\c@table=\count192
\abovecaptionskip=\skip47
\belowcaptionskip=\skip48
\bibindent=\dimen138
) (/usr/share/texlive/texmf-dist/tex/latex/amsmath/amsmath.sty
Package: amsmath 2021/10/15 v2.17l AMS math features
\@mathmargin=\skip49
For additional information on amsmath, use the `?' option.
(/usr/share/texlive/texmf-dist/tex/latex/amsmath/amstext.sty
Package: amstext 2021/08/26 v2.01 AMS text
(/usr/share/texlive/texmf-dist/tex/latex/amsmath/amsgen.sty
File: amsgen.sty 1999/11/30 v2.0 generic functions
\@emptytoks=\toks16
\ex@=\dimen139
)) (/usr/share/texlive/texmf-dist/tex/latex/amsmath/amsbsy.sty
Package: amsbsy 1999/11/29 v1.2d Bold Symbols
\pmbraise@=\dimen140
) (/usr/share/texlive/texmf-dist/tex/latex/amsmath/amsopn.sty
Package: amsopn 2021/08/26 v2.02 operator names
)
\inf@bad=\count193
LaTeX Info: Redefining \frac on input line 234.
\uproot@=\count194
\leftroot@=\count195
LaTeX Info: Redefining \overline on input line 399.
\classnum@=\count196
\DOTSCASE@=\count197
LaTeX Info: Redefining \ldots on input line 496.
LaTeX Info: Redefining \dots on input line 499.
LaTeX Info: Redefining \cdots on input line 620.
\Mathstrutbox@=\box50
\strutbox@=\box51
\big@size=\dimen141
LaTeX Font Info:    Redeclaring font encoding OML on input line 743.
LaTeX Font Info:    Redeclaring font encoding OMS on input line 744.
\macc@depth=\count198
\c@MaxMatrixCols=\count199
\dotsspace@=\muskip16
\c@parentequation=\count266
\dspbrk@lvl=\count267
\tag@help=\toks17
\row@=\count268
\column@=\count269
\maxfields@=\count270
\andhelp@=\toks18
\eqnshift@=\dimen142
\alignsep@=\dimen143
\tagshift@=\dimen144
\tagwidth@=\dimen145
\totwidth@=\dimen146
\lineht@=\dimen147
\@envbody=\toks19
\multlinegap=\skip50
\multlinetaggap=\skip51
\mathdisplay@stack=\toks20
LaTeX Info: Redefining \[ on input line 2938.
LaTeX Info: Redefining \] on input line 2939.
) (/usr/share/texlive/texmf-dist/tex/latex/amsfonts/amssymb.sty
Package: amssymb 2013/01/14 v3.01 AMS font symbols
(/usr/share/texlive/texmf-dist/tex/latex/amsfonts/amsfonts.sty
Package: amsfonts 2013/01/14 v3.01 Basic AMSFonts support
\symAMSa=\mathgroup4
\symAMSb=\mathgroup5
LaTeX Font Info:    Redeclaring math symbol \hbar on input line 98.
LaTeX Font Info:    Overwriting math alphabet `\mathfrak' in version `bold'
(Font)                  U/euf/m/n --> U/euf/b/n on input line 106.
)) (/usr/share/texmf/tex/latex/lm/lmodern.sty
Package: lmodern 2009/10/30 v1.6 Latin Modern Fonts
LaTeX Font Info:    Overwriting symbol font `operators' in version `normal'
(Font)                  OT1/cmr/m/n --> OT1/lmr/m/n on input line 22.
LaTeX Font Info:    Overwriting symbol font `letters' in version `normal'
(Font)                  OML/cmm/m/it --> OML/lmm/m/it on input line 23.
LaTeX Font Info:    Overwriting symbol font `symbols' in version `normal'
(Font)                  OMS/cmsy/m/n --> OMS/lmsy/m/n on input line 24.
LaTeX Font Info:    Overwriting symbol font `largesymbols' in version `normal'
(Font)                  OMX/cmex/m/n --> OMX/lmex/m/n on input line 25.
LaTeX Font Info:    Overwriting symbol font `operators' in version `bold'
(Font)                  OT1/cmr/bx/n --> OT1/lmr/bx/n on input line 26.
LaTeX Font Info:    Overwriting symbol font `letters' in version `bold'
(Font)                  OML/cmm/b/it --> OML/lmm/b/it on input line 27.
LaTeX Font Info:    Overwriting symbol font `symbols' in version `bold'
(Font)                  OMS/cmsy/b/n --> OMS/lmsy/b/n on input line 28.
LaTeX Font Info:    Overwriting symbol font `largesymbols' in version `bold'
(Font)                  OMX/cmex/m/n --> OMX/lmex/m/n on input line 29.
LaTeX Font Info:    Overwriting math alphabet `\mathbf' in version `normal'
(Font)                  OT1/cmr/bx/n --> OT1/lmr/bx/n on input line 31.
LaTeX Font Info:    Overwriting math alphabet `\mathsf' in version `normal'
(Font)                  OT1/cmss/m/n --> OT1/lmss/m/n on input line 32.
LaTeX Font Info:    Overwriting math alphabet `\mathit' in version `normal'
(Font)                  OT1/cmr/m/it --> OT1/lmr/m/it on input line 33.
LaTeX Font Info:    Overwriting math alphabet `\mathtt' in version `normal'
(Font)                  OT1/cmtt/m/n --> OT1/lmtt/m/n on input line 34.
LaTeX Font Info:    Overwriting math alphabet `\mathbf' in version `bold'
(Font)                  OT1/cmr/bx/n --> OT1/lmr/bx/n on input line 35.
LaTeX Font Info:    Overwriting math alphabet `\mathsf' in version `bold'
(Font)                  OT1/cmss/bx/n --> OT1/lmss/bx/n on input line 36.
LaTeX Font Info:    Overwriting math alphabet `\mathit' in version `bold'
(Font)                  OT1/cmr/bx/it --> OT1/lmr/bx/it on input line 37.
LaTeX Font Info:    Overwriting math alphabet `\mathtt' in version `bold'
(Font)                  OT1/cmtt/m/n --> OT1/lmtt/m/n on input line 38.
) (/usr/share/texlive/texmf-dist/tex/generic/iftex/iftex.sty
Package: iftex 2020/03/06 v1.0d TeX engine tests
) (/usr/share/texlive/texmf-dist/tex/latex/base/fontenc.sty
Package: fontenc 2021/04/29 v2.0v Standard LaTeX package
LaTeX Font Info:    Trying to load font information for T1+lmr on input line 11
2.
(/usr/share/texmf/tex/latex/lm/t1lmr.fd
File: t1lmr.fd 2009/10/30 v1.6 Font defs for Latin Modern
)) (/usr/share/texlive/texmf-dist/tex/latex/base/inputenc.sty
Package: inputenc 2021/02/14 v1.3d Input encoding file
\inpenc@prehook=\toks21
\inpenc@posthook=\toks22
) (/usr/share/texlive/texmf-dist/tex/latex/base/textcomp.sty
Package: textcomp 2020/02/02 v2.0n Standard LaTeX package
) (/usr/share/texlive/texmf-dist/tex/latex/upquote/upquote.sty
Package: upquote 2012/04/19 v1.3 upright-quote and grave-accent glyphs in verba
tim
) (/usr/share/texlive/texmf-dist/tex/latex/microtype/microtype.sty
Package: microtype 2021/12/10 v3.0b Micro-typographical refinements (RS)
(/usr/share/texlive/texmf-dist/tex/latex/graphics/keyval.sty
Package: keyval 2014/10/28 v1.15 key=value parser (DPC)
\KV@toks@=\toks23
) (/usr/share/texlive/texmf-dist/tex/latex/etoolbox/etoolbox.sty
Package: etoolbox 2020/10/05 v2.5k e-TeX tools for LaTeX (JAW)
\etb@tempcnta=\count271
)
\MT@toks=\toks24
\MT@count=\count272
\MT@tempbox=\box52
LaTeX Info: Redefining \leftprotrusion on input line 1010.
LaTeX Info: Redefining \rightprotrusion on input line 1018.
LaTeX Info: Redefining \textls on input line 1173.
\MT@outer@kern=\dimen148
LaTeX Info: Redefining \textmicrotypecontext on input line 1759.
\MT@listname@count=\count273
(/usr/share/texlive/texmf-dist/tex/latex/microtype/microtype-pdftex.def
File: microtype-pdftex.def 2021/12/10 v3.0b Definitions specific to pdftex (RS)

LaTeX Info: Redefining \lsstyle on input line 897.
LaTeX Info: Redefining \lslig on input line 897.
\MT@outer@space=\skip52
)
Package microtype Info: Loading configuration file microtype.cfg.
(/usr/share/texlive/texmf-dist/tex/latex/microtype/microtype.cfg
File: microtype.cfg 2021/12/10 v3.0b microtype main configuration file (RS)
)) (/usr/share/texlive/texmf-dist/tex/latex/parskip/parskip.sty
Package: parskip 2021-03-14 v2.0h non-zero parskip adjustments
(/usr/share/texlive/texmf-dist/tex/latex/kvoptions/kvoptions.sty
Package: kvoptions 2020-10-07 v3.14 Key value format for package options (HO)
(/usr/share/texlive/texmf-dist/tex/generic/ltxcmds/ltxcmds.sty
Package: ltxcmds 2020-05-10 v1.25 LaTeX kernel commands for general use (HO)
) (/usr/share/texlive/texmf-dist/tex/generic/kvsetkeys/kvsetkeys.sty
Package: kvsetkeys 2019/12/15 v1.18 Key value parser (HO)
))) (/usr/share/texlive/texmf-dist/tex/latex/xcolor/xcolor.sty
Package: xcolor 2021/10/31 v2.13 LaTeX color extensions (UK)
(/usr/share/texlive/texmf-dist/tex/latex/graphics-cfg/color.cfg
File: color.cfg 2016/01/02 v1.6 sample color configuration
)
Package xcolor Info: Driver file: pdftex.def on input line 227.
(/usr/share/texlive/texmf-dist/tex/latex/graphics-def/pdftex.def
File: pdftex.def 2020/10/05 v1.2a Graphics/color driver for pdftex
)
Package xcolor Info: Model `cmy' substituted by `cmy0' on input line 1352.
Package xcolor Info: Model `hsb' substituted by `rgb' on input line 1356.
Package xcolor Info: Model `RGB' extended on input line 1368.
Package xcolor Info: Model `HTML' substituted by `rgb' on input line 1370.
Package xcolor Info: Model `Hsb' substituted by `hsb' on input line 1371.
Package xcolor Info: Model `tHsb' substituted by `hsb' on input line 1372.
Package xcolor Info: Model `HSB' substituted by `hsb' on input line 1373.
Package xcolor Info: Model `Gray' substituted by `gray' on input line 1374.
Package xcolor Info: Model `wave' substituted by `hsb' on input line 1375.
) (/usr/share/texlive/texmf-dist/tex/latex/geometry/geometry.sty
Package: geometry 2020/01/02 v5.9 Page Geometry
(/usr/share/texlive/texmf-dist/tex/generic/iftex/ifvtex.sty
Package: ifvtex 2019/10/25 v1.7 ifvtex legacy package. Use iftex instead.
)
\Gm@cnth=\count274
\Gm@cntv=\count275
\c@Gm@tempcnt=\count276
\Gm@bindingoffset=\dimen149
\Gm@wd@mp=\dimen150
\Gm@odd@mp=\dimen151
\Gm@even@mp=\dimen152
\Gm@layoutwidth=\dimen153
\Gm@layoutheight=\dimen154
\Gm@layouthoffset=\dimen155
\Gm@layoutvoffset=\dimen156
\Gm@dimlist=\toks25
) (/usr/share/texlive/texmf-dist/tex/latex/graphics/graphicx.sty
Package: graphicx 2021/09/16 v1.2d Enhanced LaTeX Graphics (DPC,SPQR)
(/usr/share/texlive/texmf-dist/tex/latex/graphics/graphics.sty
Package: graphics 2021/03/04 v1.4d Standard LaTeX Graphics (DPC,SPQR)
(/usr/share/texlive/texmf-dist/tex/latex/graphics/trig.sty
Package: trig 2021/08/11 v1.11 sin cos tan (DPC)
) (/usr/share/texlive/texmf-dist/tex/latex/graphics-cfg/graphics.cfg
File: graphics.cfg 2016/06/04 v1.11 sample graphics configuration
)
Package graphics Info: Driver file: pdftex.def on input line 107.
)
\Gin@req@height=\dimen157
\Gin@req@width=\dimen158
)
\cslhangindent=\skip53
\csllabelwidth=\skip54
\cslentryspacingunit=\skip55
(/usr/share/texlive/texmf-dist/tex/latex/tools/calc.sty
Package: calc 2017/05/25 v4.3 Infix arithmetic (KKT,FJ)
\calc@Acount=\count277
\calc@Bcount=\count278
\calc@Adimen=\dimen159
\calc@Bdimen=\dimen160
\calc@Askip=\skip56
\calc@Bskip=\skip57
LaTeX Info: Redefining \setlength on input line 80.
LaTeX Info: Redefining \addtolength on input line 81.
\calc@Ccount=\count279
\calc@Cskip=\skip58
) (/usr/share/texlive/texmf-dist/tex/latex/float/float.sty
Package: float 2001/11/08 v1.3d Float enhancements (AL)
\c@float@type=\count280
\float@exts=\toks26
\float@box=\box53
\@float@everytoks=\toks27
\@floatcapt=\box54
) (/usr/share/texlive/texmf-dist/tex/latex/booktabs/booktabs.sty
Package: booktabs 2020/01/12 v1.61803398 Publication quality tables
\heavyrulewidth=\dimen161
\lightrulewidth=\dimen162
\cmidrulewidth=\dimen163
\belowrulesep=\dimen164
\belowbottomsep=\dimen165
\aboverulesep=\dimen166
\abovetopsep=\dimen167
\cmidrulesep=\dimen168
\cmidrulekern=\dimen169
\defaultaddspace=\dimen170
\@cmidla=\count281
\@cmidlb=\count282
\@aboverulesep=\dimen171
\@belowrulesep=\dimen172
\@thisruleclass=\count283
\@lastruleclass=\count284
\@thisrulewidth=\dimen173
) (/usr/share/texlive/texmf-dist/tex/latex/fancyhdr/fancyhdr.sty
Package: fancyhdr 2021/01/28 v4.0.1 Extensive control of page headers and foote
rs
\f@nch@headwidth=\skip59
\f@nch@O@elh=\skip60
\f@nch@O@erh=\skip61
\f@nch@O@olh=\skip62
\f@nch@O@orh=\skip63
\f@nch@O@elf=\skip64
\f@nch@O@erf=\skip65
\f@nch@O@olf=\skip66
\f@nch@O@orf=\skip67
) (/usr/share/texlive/texmf-dist/tex/latex/tools/longtable.sty
Package: longtable 2021-09-01 v4.17 Multi-page Table package (DPC)
\LTleft=\skip68
\LTright=\skip69
\LTpre=\skip70
\LTpost=\skip71
\LTchunksize=\count285
\LTcapwidth=\dimen174
\LT@head=\box55
\LT@firsthead=\box56
\LT@foot=\box57
\LT@lastfoot=\box58
\LT@gbox=\box59
\LT@cols=\count286
\LT@rows=\count287
\c@LT@tables=\count288
\c@LT@chunks=\count289
\LT@p@ftn=\toks28
) (/usr/share/texlive/texmf-dist/tex/latex/tools/array.sty
Package: array 2021/10/04 v2.5f Tabular extension package (FMi)
\col@sep=\dimen175
\ar@mcellbox=\box60
\extrarowheight=\dimen176
\NC@list=\toks29
\extratabsurround=\skip72
\backup@length=\skip73
\ar@cellbox=\box61
) (/usr/share/texlive/texmf-dist/tex/latex/multirow/multirow.sty
Package: multirow 2021/03/15 v2.8 Span multiple rows of a table
\multirow@colwidth=\skip74
\multirow@cntb=\count290
\multirow@dima=\skip75
\bigstrutjot=\dimen177
) (/usr/share/texlive/texmf-dist/tex/latex/wrapfig/wrapfig.sty
\wrapoverhang=\dimen178
\WF@size=\dimen179
\c@WF@wrappedlines=\count291
\WF@box=\box62
\WF@everypar=\toks30
Package: wrapfig 2003/01/31  v 3.6
) (/usr/share/texlive/texmf-dist/tex/latex/colortbl/colortbl.sty
Package: colortbl 2020/01/04 v1.0e Color table columns (DPC)
\everycr=\toks31
\minrowclearance=\skip76
) (/usr/share/texlive/texmf-dist/tex/latex/pdflscape/pdflscape.sty
Package: pdflscape 2019/12/05 v0.12 Display of landscape pages in PDF (HO)
(/usr/share/texlive/texmf-dist/tex/latex/graphics/lscape.sty
Package: lscape 2020/05/28 v3.02 Landscape Pages (DPC)
)
Package pdflscape Info: Auto-detected driver: pdftex on input line 81.
) (/usr/share/texlive/texmf-dist/tex/latex/tabu/tabu.sty
Package: tabu 2019/01/11 v2.9 - flexible LaTeX tabulars (FC+tabu-fixed) + inter
mediate FMi
(/usr/share/texlive/texmf-dist/tex/latex/varwidth/varwidth.sty
Package: varwidth 2009/03/30 ver 0.92;  Variable-width minipages
\@vwid@box=\box63
\sift@deathcycles=\count292
\@vwid@loff=\dimen180
\@vwid@roff=\dimen181
)
\c@taburow=\count293
\tabu@nbcols=\count294
\tabu@cnt=\count295
\tabu@Xcol=\count296
\tabu@alloc=\count297
\tabu@nested=\count298
\tabu@target=\dimen182
\tabu@spreadtarget=\dimen183
\tabu@naturalX=\dimen184
\tabucolX=\dimen185
\tabu@Xsum=\dimen186
\extrarowdepth=\dimen187
\abovetabulinesep=\dimen188
\belowtabulinesep=\dimen189
\tabustrutrule=\dimen190
\tabu@thebody=\toks32
\tabu@footnotes=\toks33
\tabu@box=\box64
\tabu@arstrutbox=\box65
\tabu@hleads=\box66
\tabu@vleads=\box67
\tabu@cellskip=\skip77
) (/usr/share/texlive/texmf-dist/tex/latex/threeparttable/threeparttable.sty
Package: threeparttable 2003/06/13  v 3.0
\@tempboxb=\box68
) (/usr/share/texlive/texmf-dist/tex/latex/threeparttablex/threeparttablex.sty
Package: threeparttablex 2013/07/23 v0.3 by daleif
(/usr/share/texlive/texmf-dist/tex/latex/environ/environ.sty
Package: environ 2014/05/04 v0.3 A new way to define environments
(/usr/share/texlive/texmf-dist/tex/latex/trimspaces/trimspaces.sty
Package: trimspaces 2009/09/17 v1.1 Trim spaces around a token list
))
\TPTL@width=\skip78
) (/usr/share/texlive/texmf-dist/tex/generic/ulem/ulem.sty
\UL@box=\box69
\UL@hyphenbox=\box70
\UL@skip=\skip79
\UL@hook=\toks34
\UL@height=\dimen191
\UL@pe=\count299
\UL@pixel=\dimen192
\ULC@box=\box71
Package: ulem 2019/11/18
\ULdepth=\dimen193
) (/usr/share/texlive/texmf-dist/tex/latex/makecell/makecell.sty
Package: makecell 2009/08/03 V0.1e Managing of Tab Column Heads and Cells
\rotheadsize=\dimen194
\c@nlinenum=\count300
\TeXr@lab=\toks35
) (/usr/share/texlive/texmf-dist/tex/latex/bookmark/bookmark.sty
Package: bookmark 2020-11-06 v1.29 PDF bookmarks (HO)
(/usr/share/texlive/texmf-dist/tex/latex/hyperref/hyperref.sty
Package: hyperref 2021-06-07 v7.00m Hypertext links for LaTeX
(/usr/share/texlive/texmf-dist/tex/generic/pdftexcmds/pdftexcmds.sty
Package: pdftexcmds 2020-06-27 v0.33 Utility functions of pdfTeX for LuaTeX (HO
)
(/usr/share/texlive/texmf-dist/tex/generic/infwarerr/infwarerr.sty
Package: infwarerr 2019/12/03 v1.5 Providing info/warning/error messages (HO)
)
Package pdftexcmds Info: \pdf@primitive is available.
Package pdftexcmds Info: \pdf@ifprimitive is available.
Package pdftexcmds Info: \pdfdraftmode found.
) (/usr/share/texlive/texmf-dist/tex/generic/kvdefinekeys/kvdefinekeys.sty
Package: kvdefinekeys 2019-12-19 v1.6 Define keys (HO)
) (/usr/share/texlive/texmf-dist/tex/generic/pdfescape/pdfescape.sty
Package: pdfescape 2019/12/09 v1.15 Implements pdfTeX's escape features (HO)
) (/usr/share/texlive/texmf-dist/tex/latex/hycolor/hycolor.sty
Package: hycolor 2020-01-27 v1.10 Color options for hyperref/bookmark (HO)
) (/usr/share/texlive/texmf-dist/tex/latex/letltxmacro/letltxmacro.sty
Package: letltxmacro 2019/12/03 v1.6 Let assignment for LaTeX macros (HO)
) (/usr/share/texlive/texmf-dist/tex/latex/auxhook/auxhook.sty
Package: auxhook 2019-12-17 v1.6 Hooks for auxiliary files (HO)
)
\@linkdim=\dimen195
\Hy@linkcounter=\count301
\Hy@pagecounter=\count302
(/usr/share/texlive/texmf-dist/tex/latex/hyperref/pd1enc.def
File: pd1enc.def 2021-06-07 v7.00m Hyperref: PDFDocEncoding definition (HO)
Now handling font encoding PD1 ...
... no UTF-8 mapping file for font encoding PD1
) (/usr/share/texlive/texmf-dist/tex/latex/hyperref/hyperref-langpatches.def
File: hyperref-langpatches.def 2021-06-07 v7.00m Hyperref: patches for babel la
nguages
) (/usr/share/texlive/texmf-dist/tex/generic/intcalc/intcalc.sty
Package: intcalc 2019/12/15 v1.3 Expandable calculations with integers (HO)
) (/usr/share/texlive/texmf-dist/tex/generic/etexcmds/etexcmds.sty
Package: etexcmds 2019/12/15 v1.7 Avoid name clashes with e-TeX commands (HO)
)
\Hy@SavedSpaceFactor=\count303
(/usr/share/texlive/texmf-dist/tex/latex/hyperref/puenc.def
File: puenc.def 2021-06-07 v7.00m Hyperref: PDF Unicode definition (HO)
Now handling font encoding PU ...
... no UTF-8 mapping file for font encoding PU
)
Package hyperref Info: Option `unicode' set `true' on input line 4073.
Package hyperref Info: Hyper figures OFF on input line 4192.
Package hyperref Info: Link nesting OFF on input line 4197.
Package hyperref Info: Hyper index ON on input line 4200.
Package hyperref Info: Plain pages OFF on input line 4207.
Package hyperref Info: Backreferencing OFF on input line 4212.
Package hyperref Info: Implicit mode ON; LaTeX internals redefined.
Package hyperref Info: Bookmarks ON on input line 4445.
\c@Hy@tempcnt=\count304
(/usr/share/texlive/texmf-dist/tex/latex/url/url.sty
\Urlmuskip=\muskip17
Package: url 2013/09/16  ver 3.4  Verb mode for urls, etc.
)
LaTeX Info: Redefining \url on input line 4804.
\XeTeXLinkMargin=\dimen196
(/usr/share/texlive/texmf-dist/tex/generic/bitset/bitset.sty
Package: bitset 2019/12/09 v1.3 Handle bit-vector datatype (HO)
(/usr/share/texlive/texmf-dist/tex/generic/bigintcalc/bigintcalc.sty
Package: bigintcalc 2019/12/15 v1.5 Expandable calculations on big integers (HO
)
))
\Fld@menulength=\count305
\Field@Width=\dimen197
\Fld@charsize=\dimen198
Package hyperref Info: Hyper figures OFF on input line 6076.
Package hyperref Info: Link nesting OFF on input line 6081.
Package hyperref Info: Hyper index ON on input line 6084.
Package hyperref Info: backreferencing OFF on input line 6091.
Package hyperref Info: Link coloring OFF on input line 6096.
Package hyperref Info: Link coloring with OCG OFF on input line 6101.
Package hyperref Info: PDF/A mode OFF on input line 6106.
LaTeX Info: Redefining \ref on input line 6146.
LaTeX Info: Redefining \pageref on input line 6150.
(/usr/share/texlive/texmf-dist/tex/latex/base/atbegshi-ltx.sty
Package: atbegshi-ltx 2021/01/10 v1.0c Emulation of the original atbegshi
package with kernel methods
)
\Hy@abspage=\count306
\c@Item=\count307
\c@Hfootnote=\count308
)
Package hyperref Info: Driver (autodetected): hpdftex.
(/usr/share/texlive/texmf-dist/tex/latex/hyperref/hpdftex.def
File: hpdftex.def 2021-06-07 v7.00m Hyperref driver for pdfTeX
(/usr/share/texlive/texmf-dist/tex/latex/base/atveryend-ltx.sty
Package: atveryend-ltx 2020/08/19 v1.0a Emulation of the original atveryend pac
kage
with kernel methods
)
\Fld@listcount=\count309
\c@bookmark@seq@number=\count310
(/usr/share/texlive/texmf-dist/tex/latex/rerunfilecheck/rerunfilecheck.sty
Package: rerunfilecheck 2019/12/05 v1.9 Rerun checks for auxiliary files (HO)
(/usr/share/texlive/texmf-dist/tex/generic/uniquecounter/uniquecounter.sty
Package: uniquecounter 2019/12/15 v1.4 Provide unlimited unique counter (HO)
)
Package uniquecounter Info: New unique counter `rerunfilecheck' on input line 2
86.
)
\Hy@SectionHShift=\skip80
) (/usr/share/texlive/texmf-dist/tex/latex/bookmark/bkm-pdftex.def
File: bkm-pdftex.def 2020-11-06 v1.29 bookmark driver for pdfTeX (HO)
\BKM@id=\count311
)) (/usr/share/texlive/texmf-dist/tex/latex/xurl/xurl.sty
Package: xurl 2022/01/09 v 0.10 modify URL breaks
) (/usr/share/texlive/texmf-dist/tex/latex/l3backend/l3backend-pdftex.def
File: l3backend-pdftex.def 2022-01-12 L3 backend support: PDF output (pdfTeX)
\l__color_backend_stack_int=\count312
\l__pdf_internal_box=\box72
) (./Developing-noval-methods-for-gene-editing-in-trees.aux)
\openout1 = `Developing-noval-methods-for-gene-editing-in-trees.aux'.

LaTeX Font Info:    Checking defaults for OML/cmm/m/it on input line 112.
LaTeX Font Info:    ... okay on input line 112.
LaTeX Font Info:    Checking defaults for OMS/cmsy/m/n on input line 112.
LaTeX Font Info:    ... okay on input line 112.
LaTeX Font Info:    Checking defaults for OT1/cmr/m/n on input line 112.
LaTeX Font Info:    ... okay on input line 112.
LaTeX Font Info:    Checking defaults for T1/cmr/m/n on input line 112.
LaTeX Font Info:    ... okay on input line 112.
LaTeX Font Info:    Checking defaults for TS1/cmr/m/n on input line 112.
LaTeX Font Info:    ... okay on input line 112.
LaTeX Font Info:    Checking defaults for OMX/cmex/m/n on input line 112.
LaTeX Font Info:    ... okay on input line 112.
LaTeX Font Info:    Checking defaults for U/cmr/m/n on input line 112.
LaTeX Font Info:    ... okay on input line 112.
LaTeX Font Info:    Checking defaults for PD1/pdf/m/n on input line 112.
LaTeX Font Info:    ... okay on input line 112.
LaTeX Font Info:    Checking defaults for PU/pdf/m/n on input line 112.
LaTeX Font Info:    ... okay on input line 112.
LaTeX Info: Redefining \microtypecontext on input line 112.
Package microtype Info: Applying patch `item' on input line 112.
Package microtype Info: Applying patch `toc' on input line 112.
Package microtype Info: Applying patch `eqnum' on input line 112.
Package microtype Info: Applying patch `footnote' on input line 112.
Package microtype Info: Generating PDF output.
Package microtype Info: Character protrusion enabled (level 2).
Package microtype Info: Using protrusion set `basicmath'.
Package microtype Info: Automatic font expansion enabled (level 2),
(microtype)             stretch: 20, shrink: 20, step: 1, non-selected.
Package microtype Info: Using default expansion set `alltext-nott'.
LaTeX Info: Redefining \showhyphens on input line 112.
Package microtype Info: No adjustment of tracking.
Package microtype Info: No adjustment of interword spacing.
Package microtype Info: No adjustment of character kerning.
(/usr/share/texlive/texmf-dist/tex/latex/microtype/mt-cmr.cfg
File: mt-cmr.cfg 2013/05/19 v2.2 microtype config. file: Computer Modern Roman 
(RS)
) (/usr/share/texlive/texmf-dist/tex/context/base/mkii/supp-pdf.mkii
[Loading MPS to PDF converter (version 2006.09.02).]
\scratchcounter=\count313
\scratchdimen=\dimen199
\scratchbox=\box73
\nofMPsegments=\count314
\nofMParguments=\count315
\everyMPshowfont=\toks36
\MPscratchCnt=\count316
\MPscratchDim=\dimen256
\MPnumerator=\count317
\makeMPintoPDFobject=\count318
\everyMPtoPDFconversion=\toks37
) (/usr/share/texlive/texmf-dist/tex/latex/epstopdf-pkg/epstopdf-base.sty
Package: epstopdf-base 2020-01-24 v2.11 Base part for package epstopdf
Package epstopdf-base Info: Redefining graphics rule for `.eps' on input line 4
85.
(/usr/share/texlive/texmf-dist/tex/latex/latexconfig/epstopdf-sys.cfg
File: epstopdf-sys.cfg 2010/07/13 v1.3 Configuration of (r)epstopdf for TeX Liv
e
))
*geometry* driver: auto-detecting
*geometry* detected driver: pdftex
*geometry* verbose mode - [ preamble ] result:
* driver: pdftex
* paper: <default>
* layout: <same size as paper>
* layoutoffset:(h,v)=(0.0pt,0.0pt)
* modes: 
* h-part:(L,W,R)=(72.26999pt, 469.75502pt, 72.26999pt)
* v-part:(T,H,B)=(72.26999pt, 650.43001pt, 72.26999pt)
* \paperwidth=614.295pt
* \paperheight=794.96999pt
* \textwidth=469.75502pt
* \textheight=650.43001pt
* \oddsidemargin=0.0pt
* \evensidemargin=0.0pt
* \topmargin=-37.0pt
* \headheight=12.0pt
* \headsep=25.0pt
* \topskip=10.0pt
* \footskip=30.0pt
* \marginparwidth=65.0pt
* \marginparsep=11.0pt
* \columnsep=10.0pt
* \skip\footins=9.0pt plus 4.0pt minus 2.0pt
* \hoffset=0.0pt
* \voffset=0.0pt
* \mag=1000
* \@twocolumnfalse
* \@twosidefalse
* \@mparswitchfalse
* \@reversemarginfalse
* (1in=72.27pt=25.4mm, 1cm=28.453pt)

Package hyperref Info: Link coloring OFF on input line 112.
(/usr/share/texlive/texmf-dist/tex/latex/hyperref/nameref.sty
Package: nameref 2021-04-02 v2.47 Cross-referencing by name of section
(/usr/share/texlive/texmf-dist/tex/latex/refcount/refcount.sty
Package: refcount 2019/12/15 v3.6 Data extraction from label references (HO)
) (/usr/share/texlive/texmf-dist/tex/generic/gettitlestring/gettitlestring.sty
Package: gettitlestring 2019/12/15 v1.6 Cleanup title references (HO)
)
\c@section@level=\count319
)
LaTeX Info: Redefining \ref on input line 112.
LaTeX Info: Redefining \pageref on input line 112.
LaTeX Info: Redefining \nameref on input line 112.
LaTeX Font Info:    Trying to load font information for OT1+lmr on input line 1
14.
(/usr/share/texmf/tex/latex/lm/ot1lmr.fd
File: ot1lmr.fd 2009/10/30 v1.6 Font defs for Latin Modern
)
LaTeX Font Info:    Trying to load font information for OML+lmm on input line 1
14.
(/usr/share/texmf/tex/latex/lm/omllmm.fd
File: omllmm.fd 2009/10/30 v1.6 Font defs for Latin Modern
)
LaTeX Font Info:    Trying to load font information for OMS+lmsy on input line 
114.
(/usr/share/texmf/tex/latex/lm/omslmsy.fd
File: omslmsy.fd 2009/10/30 v1.6 Font defs for Latin Modern
)
LaTeX Font Info:    Trying to load font information for OMX+lmex on input line 
114.
(/usr/share/texmf/tex/latex/lm/omxlmex.fd
File: omxlmex.fd 2009/10/30 v1.6 Font defs for Latin Modern
)
LaTeX Font Info:    External font `lmex10' loaded for size
(Font)              <12> on input line 114.
LaTeX Font Info:    External font `lmex10' loaded for size
(Font)              <8> on input line 114.
LaTeX Font Info:    External font `lmex10' loaded for size
(Font)              <6> on input line 114.
LaTeX Font Info:    Trying to load font information for U+msa on input line 114
.
(/usr/share/texlive/texmf-dist/tex/latex/amsfonts/umsa.fd
File: umsa.fd 2013/01/14 v3.01 AMS symbols A
) (/usr/share/texlive/texmf-dist/tex/latex/microtype/mt-msa.cfg
File: mt-msa.cfg 2006/02/04 v1.1 microtype config. file: AMS symbols (a) (RS)
)
LaTeX Font Info:    Trying to load font information for U+msb on input line 114
.
(/usr/share/texlive/texmf-dist/tex/latex/amsfonts/umsb.fd
File: umsb.fd 2013/01/14 v3.01 AMS symbols B
) (/usr/share/texlive/texmf-dist/tex/latex/microtype/mt-msb.cfg
File: mt-msb.cfg 2005/06/01 v1.0 microtype config. file: AMS symbols (b) (RS)
)
<bensig.jpg, id=4, 1106.1325pt x 446.66875pt>
File: bensig.jpg Graphic file (type jpg)
<use bensig.jpg>
Package pdftex.def Info: bensig.jpg  used on input line 126.
(pdftex.def)             Requested size: 35.2248pt x 14.22417pt.
<martinsig.jpg, id=5, 339.2675pt x 86.3225pt>
File: martinsig.jpg Graphic file (type jpg)
<use martinsig.jpg>
Package pdftex.def Info: martinsig.jpg  used on input line 128.
(pdftex.def)             Requested size: 55.90941pt x 14.22546pt.
<amirsig.jpg, id=6, 140.525pt x 49.18375pt>
File: amirsig.jpg Graphic file (type jpg)
<use amirsig.jpg>
Package pdftex.def Info: amirsig.jpg  used on input line 130.
(pdftex.def)             Requested size: 40.64613pt x 14.22614pt.

Underfull \hbox (badness 10000) in paragraph at lines 125--133

 []


Underfull \hbox (badness 10000) in paragraph at lines 125--133

 []


Underfull \hbox (badness 10000) in paragraph at lines 125--133

 []

[1

{/var/lib/texmf/fonts/map/pdftex/updmap/pdftex.map} <./bensig.jpg> <./martinsig
.jpg> <./amirsig.jpg>]
<telhai logo.jpg, id=16, 513.92pt x 202.7575pt>
File: telhai logo.jpg Graphic file (type jpg)
<use telhai logo.jpg>
Package pdftex.def Info: telhai logo.jpg  used on input line 138.
(pdftex.def)             Requested size: 144.23381pt x 56.90474pt.
<MigalLogo.png, id=17, 1150.2975pt x 401.5pt>
File: MigalLogo.png Graphic file (type png)
<use MigalLogo.png>
Package pdftex.def Info: MigalLogo.png  used on input line 140.
(pdftex.def)             Requested size: 163.02394pt x 56.90189pt.
pdfTeX warning (ext4): destination with the same identifier (name{page.}) has b
een already used, duplicate ignored
<to be read again> 
                   \relax 
l.173 \end{titlepage}
                      [1 <./telhai logo.jpg> <./MigalLogo.png>]pdfTeX warning (
ext4): destination with the same identifier (name{page.}) has been already used
, duplicate ignored
<to be read again> 
                   \relax 
l.190 \newpage
               [1] (./Developing-noval-methods-for-gene-editing-in-trees.toc
LaTeX Font Info:    External font `lmex10' loaded for size
(Font)              <10> on input line 4.
LaTeX Font Info:    External font `lmex10' loaded for size
(Font)              <7> on input line 4.
LaTeX Font Info:    External font `lmex10' loaded for size
(Font)              <5> on input line 4.
pdfTeX warning (ext4): destination with the same identifier (name{page.}) has b
een already used, duplicate ignored
<to be read again> 
                   \relax 
l.50 ...on}{\numberline {5}Results}{22}{section.5}
                                                  % [2])
\tf@toc=\write3
\openout3 = `Developing-noval-methods-for-gene-editing-in-trees.toc'.

pdfTeX warning (ext4): destination with the same identifier (name{page.}) has b
een already used, duplicate ignored
<to be read again> 
                   \relax 
l.194 \newpage
               [3] (./Developing-noval-methods-for-gene-editing-in-trees.lofpdf
TeX warning (ext4): destination with the same identifier (name{page.}) has been
 already used, duplicate ignored
<to be read again> 
                   \relax 
l.24 ...ssion (Maher et al. 2020)}}{38}{figure.24}
                                                  % [4])
\tf@lof=\write4
\openout4 = `Developing-noval-methods-for-gene-editing-in-trees.lof'.

pdfTeX warning (ext4): destination with the same identifier (name{page.}) has b
een already used, duplicate ignored
<to be read again> 
                   \relax 
l.197 \newpage
               [5] (./Developing-noval-methods-for-gene-editing-in-trees.lot)
\tf@lot=\write5
\openout5 = `Developing-noval-methods-for-gene-editing-in-trees.lot'.

pdfTeX warning (ext4): destination with the same identifier (name{page.}) has b
een already used, duplicate ignored
<to be read again> 
                   \relax 
l.200 \newpage
               [6] [7] [8] [9]
<Developing-noval-methods-for-gene-editing-in-trees_files/figure-latex/agricult
ural area per capita-1.pdf, id=313, 469.755pt x 325.215pt>
File: Developing-noval-methods-for-gene-editing-in-trees_files/figure-latex/agr
icultural area per capita-1.pdf Graphic file (type pdf)
<use Developing-noval-methods-for-gene-editing-in-trees_files/figure-latex/agri
cultural area per capita-1.pdf>
Package pdftex.def Info: Developing-noval-methods-for-gene-editing-in-trees_fil
es/figure-latex/agricultural area per capita-1.pdf  used on input line 528.
(pdftex.def)             Requested size: 328.82626pt x 227.64894pt.
[10] [11 <./Developing-noval-methods-for-gene-editing-in-trees_files/figure-lat
ex/agricultural area per capita-1.pdf>] [12]
LaTeX Font Info:    Trying to load font information for TS1+lmr on input line 6
93.
(/usr/share/texmf/tex/latex/lm/ts1lmr.fd
File: ts1lmr.fd 2009/10/30 v1.6 Font defs for Latin Modern
) [13] [14] [15]
<De-novo_meristem_induction_FlowChart.png, id=398, 551.05875pt x 466.74374pt>
File: De-novo_meristem_induction_FlowChart.png Graphic file (type png)
<use De-novo_meristem_induction_FlowChart.png>
Package pdftex.def Info: De-novo_meristem_induction_FlowChart.png  used on inpu
t line 967.
(pdftex.def)             Requested size: 375.81648pt x 318.31451pt.
<VIGE_FlowChart.png, id=399, 582.175pt x 427.5975pt>
File: VIGE_FlowChart.png Graphic file (type png)
<use VIGE_FlowChart.png>
Package pdftex.def Info: VIGE_FlowChart.png  used on input line 975.
(pdftex.def)             Requested size: 375.81535pt x 276.02989pt.
[16 <./De-novo_meristem_induction_FlowChart.png>] [17 <./VIGE_FlowChart.png>]
Underfull \hbox (badness 10000) in paragraph at lines 1036--1040

 []


Underfull \hbox (badness 10000) in paragraph at lines 1041--1044

 []


Overfull \hbox (44.24463pt too wide) in paragraph at lines 1115--1127
 [][] 
 []

[18]
Overfull \hbox (59.45258pt too wide) in paragraph at lines 1142--1174
 [][] 
 []

[19]
<apple_injection3.png, id=439, 1019.4888pt x 342.5598pt>
File: apple_injection3.png Graphic file (type png)
<use apple_injection3.png>
Package pdftex.def Info: apple_injection3.png  used on input line 1229.
(pdftex.def)             Requested size: 469.74835pt x 157.84076pt.
<apple_injection2.png, id=441, 963.6pt x 361.8318pt>
File: apple_injection2.png Graphic file (type png)
<use apple_injection2.png>
Package pdftex.def Info: apple_injection2.png  used on input line 1251.
(pdftex.def)             Requested size: 469.75679pt x 176.39366pt.
[20 <./apple_injection3.png>] [21 <./apple_injection2.png>] [22]
<VIGE_vectors.png, id=478, 759.711pt x 499.977pt>
File: VIGE_vectors.png Graphic file (type png)
<use VIGE_vectors.png>
Package pdftex.def Info: VIGE_vectors.png  used on input line 1421.
(pdftex.def)             Requested size: 375.80887pt x 247.32535pt.
<PopAT-regeneration.png, id=480, 956.07187pt x 335.00156pt>
File: PopAT-regeneration.png Graphic file (type png)
<use PopAT-regeneration.png>
Package pdftex.def Info: PopAT-regeneration.png  used on input line 1437.
(pdftex.def)             Requested size: 469.74852pt x 164.59691pt.
[23 <./VIGE_vectors.png>]
<T1-4.jpg, id=489, 574.3056pt x 542.025pt>
File: T1-4.jpg Graphic file (type jpg)
<use T1-4.jpg>
Package pdftex.def Info: T1-4.jpg  used on input line 1450.
(pdftex.def)             Requested size: 234.87968pt x 221.67755pt.
<Flaishmans_apples.png, id=491, 894.396pt x 454.863pt>
File: Flaishmans_apples.png Graphic file (type png)
<use Flaishmans_apples.png>
Package pdftex.def Info: Flaishmans_apples.png  used on input line 1471.
(pdftex.def)             Requested size: 469.756pt x 238.90382pt.
[24 <./PopAT-regeneration.png> <./T1-4.jpg>]
<Cassette_map.png, id=498, 963.6pt x 91.84312pt>
File: Cassette_map.png Graphic file (type png)
<use Cassette_map.png>
Package pdftex.def Info: Cassette_map.png  used on input line 1486.
(pdftex.def)             Requested size: 469.75679pt x 44.77368pt.
[25 <./Flaishmans_apples.png> <./Cassette_map.png>]
<Apples_infection_validation.jpg, id=508, 752.8125pt x 566.86781pt>
File: Apples_infection_validation.jpg Graphic file (type jpg)
<use Apples_infection_validation.jpg>
Package pdftex.def Info: Apples_infection_validation.jpg  used on input line 15
25.
(pdftex.def)             Requested size: 469.77148pt x 353.73793pt.
<Double_chromotogram.png, id=510, 963.6pt x 322.20375pt>
File: Double_chromotogram.png Graphic file (type png)
<use Double_chromotogram.png>
Package pdftex.def Info: Double_chromotogram.png  used on input line 1545.
(pdftex.def)             Requested size: 469.75679pt x 157.07492pt.
[26 <./Apples_infection_validation.jpg>]
<LB2mutation.png, id=516, 742.191pt x 120.45pt>
File: LB2mutation.png Graphic file (type png)
<use LB2mutation.png>
Package pdftex.def Info: LB2mutation.png  used on input line 1557.
(pdftex.def)             Requested size: 469.74585pt x 76.23492pt.
<TRV_GFP.png, id=518, 963.6pt x 283.0575pt>
File: TRV_GFP.png Graphic file (type png)
<use TRV_GFP.png>
Package pdftex.def Info: TRV_GFP.png  used on input line 1582.
(pdftex.def)             Requested size: 469.75679pt x 137.99104pt.
[27 <./Double_chromotogram.png> <./LB2mutation.png> <./TRV_GFP.png>] [28]
<wox-stm transformant3.png, id=538, 963.6pt x 422.889pt>
File: wox-stm transformant3.png Graphic file (type png)
<use wox-stm transformant3.png>
Package pdftex.def Info: wox-stm transformant3.png  used on input line 1682.
(pdftex.def)             Requested size: 469.75679pt x 206.15916pt.
<WOX-STM transformant Cas9+Actin3.jpg, id=540, 668.826pt x 278.349pt>
File: WOX-STM transformant Cas9+Actin3.jpg Graphic file (type jpg)
<use WOX-STM transformant Cas9+Actin3.jpg>
Package pdftex.def Info: WOX-STM transformant Cas9+Actin3.jpg  used on input li
ne 1702.
(pdftex.def)             Requested size: 375.80548pt x 156.40103pt.
[29 <./wox-stm transformant3.png>]

LaTeX Warning: Reference `tab:S-RNase Constructs' on page 30 undefined on input
 line 1719.

<Transformant2 results.png, id=550, 1133.6754pt x 547.8066pt>
File: Transformant2 results.png Graphic file (type png)
<use Transformant2 results.png>
Package pdftex.def Info: Transformant2 results.png  used on input line 1729.
(pdftex.def)             Requested size: 375.8093pt x 181.5959pt.
[30 <./WOX-STM transformant Cas9+Actin3.jpg> <./Transformant2 results.png>]
<Developing-noval-methods-for-gene-editing-in-trees_files/figure-latex/RNA-seq-
1.pdf, id=562, 469.755pt x 325.215pt>
File: Developing-noval-methods-for-gene-editing-in-trees_files/figure-latex/RNA
-seq-1.pdf Graphic file (type pdf)
<use Developing-noval-methods-for-gene-editing-in-trees_files/figure-latex/RNA-
seq-1.pdf>
Package pdftex.def Info: Developing-noval-methods-for-gene-editing-in-trees_fil
es/figure-latex/RNA-seq-1.pdf  used on input line 1790.
(pdftex.def)             Requested size: 375.80452pt x 260.17235pt.
[31 <./Developing-noval-methods-for-gene-editing-in-trees_files/figure-latex/RN
A-seq-1.pdf>]
<Developing-noval-methods-for-gene-editing-in-trees_files/figure-latex/qPCR_nor
malizers-1.pdf, id=577, 469.755pt x 325.215pt>
File: Developing-noval-methods-for-gene-editing-in-trees_files/figure-latex/qPC
R_normalizers-1.pdf Graphic file (type pdf)
<use Developing-noval-methods-for-gene-editing-in-trees_files/figure-latex/qPCR
_normalizers-1.pdf>
Package pdftex.def Info: Developing-noval-methods-for-gene-editing-in-trees_fil
es/figure-latex/qPCR_normalizers-1.pdf  used on input line 1856.
(pdftex.def)             Requested size: 469.75386pt x 325.2142pt.
[32]
<Developing-noval-methods-for-gene-editing-in-trees_files/figure-latex/qPCR-1.p
df, id=585, 469.755pt x 325.215pt>
File: Developing-noval-methods-for-gene-editing-in-trees_files/figure-latex/qPC
R-1.pdf Graphic file (type pdf)
<use Developing-noval-methods-for-gene-editing-in-trees_files/figure-latex/qPCR
-1.pdf>
Package pdftex.def Info: Developing-noval-methods-for-gene-editing-in-trees_fil
es/figure-latex/qPCR-1.pdf  used on input line 1878.
(pdftex.def)             Requested size: 469.75386pt x 325.2142pt.
[33 <./Developing-noval-methods-for-gene-editing-in-trees_files/figure-latex/qP
CR_normalizers-1.pdf>]
<WOX1_isolation.png, id=596, 1285.80376pt x 763.85374pt>
File: WOX1_isolation.png Graphic file (type png)
<use WOX1_isolation.png>
Package pdftex.def Info: WOX1_isolation.png  used on input line 1903.
(pdftex.def)             Requested size: 469.75592pt x 279.06654pt.
[34 <./Developing-noval-methods-for-gene-editing-in-trees_files/figure-latex/qP
CR-1.pdf>] [35 <./WOX1_isolation.png>]
<Bud excision.png, id=623, 963.6pt x 179.92218pt>
File: Bud excision.png Graphic file (type png)
<use Bud excision.png>
Package pdftex.def Info: Bud excision.png  used on input line 2024.
(pdftex.def)             Requested size: 469.75679pt x 87.71239pt.
[36]
<Pommelo transformation.png, id=630, 532.99126pt x 542.025pt>
File: Pommelo transformation.png Graphic file (type png)
<use Pommelo transformation.png>
Package pdftex.def Info: Pommelo transformation.png  used on input line 2033.
(pdftex.def)             Requested size: 375.81583pt x 382.18556pt.
[37 <./Bud excision.png> <./Pommelo transformation.png>]
<Deform benthamiana PDS.png, id=638, 963.6pt x 439.6425pt>
File: Deform benthamiana PDS.png Graphic file (type png)
<use Deform benthamiana PDS.png>
Package pdftex.def Info: Deform benthamiana PDS.png  used on input line 2052.
(pdftex.def)             Requested size: 469.75679pt x 214.32652pt.
[38 <./Deform benthamiana PDS.png>] [39] [40] [41] [42] (./Developing-noval-met
hods-for-gene-editing-in-trees.aux)

LaTeX Warning: There were undefined references.

 ) 
Here is how much of TeX's memory you used:
 16136 strings out of 480247
 262407 string characters out of 5896152
 591819 words of memory out of 5000000
 33242 multiletter control sequences out of 15000+600000
 543047 words of font info for 199 fonts, out of 8000000 for 9000
 14 hyphenation exceptions out of 8191
 74i,9n,77p,1306b,408s stack positions out of 5000i,500n,10000p,200000b,80000s
{/usr/share/texmf/fonts/enc/dvips/lm/lm-ec.enc}{/usr/share/texmf/fonts/enc/dv
ips/lm/lm-mathsy.enc}{/usr/share/texmf/fonts/enc/dvips/lm/lm-rm.enc}{/usr/share
/texmf/fonts/enc/dvips/lm/lm-mathit.enc}{/usr/share/texmf/fonts/enc/dvips/lm/lm
-ts1.enc}</usr/share/texmf/fonts/type1/public/lm/lmbx10.pfb></usr/share/texmf/f
onts/type1/public/lm/lmbx12.pfb></usr/share/texmf/fonts/type1/public/lm/lmbxi10
.pfb></usr/share/texmf/fonts/type1/public/lm/lmmi10.pfb></usr/share/texmf/fonts
/type1/public/lm/lmmi7.pfb></usr/share/texmf/fonts/type1/public/lm/lmr10.pfb></
usr/share/texmf/fonts/type1/public/lm/lmr12.pfb></usr/share/texmf/fonts/type1/p
ublic/lm/lmr17.pfb></usr/share/texmf/fonts/type1/public/lm/lmr7.pfb></usr/share
/texmf/fonts/type1/public/lm/lmri10.pfb></usr/share/texmf/fonts/type1/public/lm
/lmsy10.pfb>
Output written on Developing-noval-methods-for-gene-editing-in-trees.pdf (44 pa
ges, 41638179 bytes).
PDF statistics:
 1046 PDF objects out of 1200 (max. 8388607)
 918 compressed objects within 10 object streams
 277 named destinations out of 1000 (max. 500000)
 37562 words of extra memory for PDF output out of 42996 (max. 10000000)

